[30-Nov-2016 21:31:36 America/New_York] PHP Notice:  Undefined variable: sHeader in /web/html/Include/Header.php on line 79
[30-Nov-2016 21:31:36 America/New_York] PHP Notice:  Undefined variable: sPageTitleSub in /web/html/Include/Header.php on line 189
[30-Nov-2016 21:31:36 America/New_York] PHP Notice:  Undefined index: editLink in /web/html/PersonView.php on line 377
[30-Nov-2016 21:31:36 America/New_York] PHP Notice:  Undefined index: deleteLink in /web/html/PersonView.php on line 377
[30-Nov-2016 21:33:14 America/New_York] PHP Notice:  Undefined variable: sHeader in /web/html/Include/Header.php on line 79
[30-Nov-2016 21:33:14 America/New_York] PHP Notice:  Undefined variable: sPageTitleSub in /web/html/Include/Header.php on line 189
[30-Nov-2016 21:33:20 America/New_York] PHP Notice:  Undefined variable: sHeader in /web/html/Include/Header.php on line 79
[30-Nov-2016 21:33:20 America/New_York] PHP Notice:  Undefined variable: sPageTitleSub in /web/html/Include/Header.php on line 189
[30-Nov-2016 21:36:15 America/New_York] PHP Notice:  Undefined variable: sHeader in /web/html/Include/Header.php on line 79
[30-Nov-2016 21:36:15 America/New_York] PHP Notice:  Undefined variable: sPageTitleSub in /web/html/Include/Header.php on line 189
[30-Nov-2016 21:36:22 America/New_York] PHP Notice:  Undefined variable: sHeader in /web/html/Include/Header.php on line 79
[30-Nov-2016 21:36:22 America/New_York] PHP Notice:  Undefined variable: sPageTitleSub in /web/html/Include/Header.php on line 189
[30-Nov-2016 21:36:22 America/New_York] PHP Notice:  Undefined variable: EventExists in /web/html/EventEditor.php on line 395
[30-Nov-2016 21:36:22 America/New_York] PHP Notice:  Undefined variable: EventExists in /web/html/EventEditor.php on line 412
[30-Nov-2016 21:36:22 America/New_York] PHP Notice:  Undefined variable: bEventTypeError in /web/html/EventEditor.php on line 431
[30-Nov-2016 21:36:22 America/New_York] PHP Notice:  Undefined variable: sEventStartDate in /web/html/EventEditor.php on line 539
[30-Nov-2016 21:36:22 America/New_York] PHP Notice:  Undefined variable: iEventStartHour in /web/html/EventEditor.php on line 539
[30-Nov-2016 21:36:22 America/New_York] PHP Notice:  Undefined variable: iEventStartMins in /web/html/EventEditor.php on line 539
[30-Nov-2016 21:36:22 America/New_York] PHP Notice:  Undefined variable: sEventEndDate in /web/html/EventEditor.php on line 540
[30-Nov-2016 21:36:22 America/New_York] PHP Notice:  Undefined variable: iEventEndHour in /web/html/EventEditor.php on line 540
[30-Nov-2016 21:36:22 America/New_York] PHP Notice:  Undefined variable: iEventEndMins in /web/html/EventEditor.php on line 540
[30-Nov-2016 21:36:25 America/New_York] PHP Notice:  Undefined variable: sHeader in /web/html/Include/Header.php on line 79
[30-Nov-2016 21:36:25 America/New_York] PHP Notice:  Undefined variable: sPageTitleSub in /web/html/Include/Header.php on line 189
[30-Nov-2016 21:36:29 America/New_York] PHP Notice:  Undefined variable: sHeader in /web/html/Include/Header.php on line 79
[30-Nov-2016 21:36:29 America/New_York] PHP Notice:  Undefined variable: sPageTitleSub in /web/html/Include/Header.php on line 189
[30-Nov-2016 21:36:29 America/New_York] PHP Notice:  Undefined variable: sHeader in /web/html/Include/Header.php on line 79
[30-Nov-2016 21:36:29 America/New_York] PHP Notice:  Undefined variable: sPageTitleSub in /web/html/Include/Header.php on line 189
[30-Nov-2016 21:36:34 America/New_York] PHP Notice:  Undefined variable: sHeader in /web/html/Include/Header.php on line 79
[30-Nov-2016 21:36:34 America/New_York] PHP Notice:  Undefined variable: sPageTitleSub in /web/html/Include/Header.php on line 189
[30-Nov-2016 21:36:37 America/New_York] PHP Notice:  Undefined variable: sHeader in /web/html/Include/Header.php on line 79
[30-Nov-2016 21:36:37 America/New_York] PHP Notice:  Undefined variable: sPageTitleSub in /web/html/Include/Header.php on line 189
[30-Nov-2016 21:36:45 America/New_York] PHP Notice:  Undefined variable: sHeader in /web/html/Include/Header.php on line 79
[30-Nov-2016 21:36:45 America/New_York] PHP Notice:  Undefined variable: sPageTitleSub in /web/html/Include/Header.php on line 189
[30-Nov-2016 21:36:48 America/New_York] PHP Notice:  Undefined variable: sHeader in /web/html/Include/Header.php on line 79
[30-Nov-2016 21:36:48 America/New_York] PHP Notice:  Undefined variable: sPageTitleSub in /web/html/Include/Header.php on line 189
[30-Nov-2016 21:36:56 America/New_York] PHP Notice:  Undefined variable: sHeader in /web/html/Include/Header.php on line 79
[30-Nov-2016 21:36:56 America/New_York] PHP Notice:  Undefined variable: sPageTitleSub in /web/html/Include/Header.php on line 189
[30-Nov-2016 21:37:42 America/New_York] PHP Notice:  Undefined variable: sHeader in /web/html/Include/Header.php on line 79
[30-Nov-2016 21:37:42 America/New_York] PHP Notice:  Undefined variable: sPageTitleSub in /web/html/Include/Header.php on line 189
[30-Nov-2016 21:37:45 America/New_York] PHP Notice:  Undefined property: stdClass::$zip in /web/html/Service/DataSeedService.php on line 48
[30-Nov-2016 21:37:45 America/New_York] PHP Notice:  Undefined property: stdClass::$zip in /web/html/Service/DataSeedService.php on line 134
[30-Nov-2016 21:37:45 America/New_York] PHP Notice:  Undefined property: stdClass::$zip in /web/html/Service/DataSeedService.php on line 134
[30-Nov-2016 21:37:45 America/New_York] PHP Notice:  Undefined property: stdClass::$zip in /web/html/Service/DataSeedService.php on line 134
[30-Nov-2016 21:37:45 America/New_York] PHP Notice:  Undefined property: stdClass::$zip in /web/html/Service/DataSeedService.php on line 134
[30-Nov-2016 21:37:46 America/New_York] PHP Notice:  Undefined property: stdClass::$zip in /web/html/Service/DataSeedService.php on line 134
[30-Nov-2016 21:37:46 America/New_York] PHP Notice:  Undefined property: stdClass::$zip in /web/html/Service/DataSeedService.php on line 134
[30-Nov-2016 21:37:46 America/New_York] PHP Notice:  Undefined property: stdClass::$zip in /web/html/Service/DataSeedService.php on line 134
[30-Nov-2016 21:37:46 America/New_York] PHP Notice:  Undefined property: stdClass::$zip in /web/html/Service/DataSeedService.php on line 134
[30-Nov-2016 21:37:47 America/New_York] PHP Notice:  Undefined property: stdClass::$zip in /web/html/Service/DataSeedService.php on line 48
[30-Nov-2016 21:37:47 America/New_York] PHP Notice:  Undefined property: stdClass::$zip in /web/html/Service/DataSeedService.php on line 134
[30-Nov-2016 21:37:47 America/New_York] PHP Notice:  Undefined property: stdClass::$zip in /web/html/Service/DataSeedService.php on line 134
[30-Nov-2016 21:37:47 America/New_York] PHP Notice:  Undefined property: stdClass::$zip in /web/html/Service/DataSeedService.php on line 48
[30-Nov-2016 21:37:47 America/New_York] PHP Notice:  Undefined property: stdClass::$zip in /web/html/Service/DataSeedService.php on line 134
[30-Nov-2016 21:37:47 America/New_York] PHP Notice:  Undefined property: stdClass::$zip in /web/html/Service/DataSeedService.php on line 134
[30-Nov-2016 21:37:47 America/New_York] PHP Notice:  Undefined property: stdClass::$zip in /web/html/Service/DataSeedService.php on line 134
[30-Nov-2016 21:37:48 America/New_York] PHP Notice:  Undefined property: stdClass::$zip in /web/html/Service/DataSeedService.php on line 134
[30-Nov-2016 21:37:48 America/New_York] PHP Notice:  Undefined property: stdClass::$zip in /web/html/Service/DataSeedService.php on line 134
[30-Nov-2016 21:37:48 America/New_York] PHP Notice:  Undefined property: stdClass::$zip in /web/html/Service/DataSeedService.php on line 134
[30-Nov-2016 21:37:48 America/New_York] PHP Notice:  Undefined property: stdClass::$zip in /web/html/Service/DataSeedService.php on line 134
[30-Nov-2016 21:37:49 America/New_York] PHP Notice:  Undefined property: stdClass::$zip in /web/html/Service/DataSeedService.php on line 134
[30-Nov-2016 21:37:49 America/New_York] PHP Notice:  Undefined property: stdClass::$zip in /web/html/Service/DataSeedService.php on line 48
[30-Nov-2016 21:37:49 America/New_York] PHP Notice:  Undefined property: stdClass::$zip in /web/html/Service/DataSeedService.php on line 134
[30-Nov-2016 21:37:49 America/New_York] PHP Notice:  Undefined property: stdClass::$zip in /web/html/Service/DataSeedService.php on line 134
[30-Nov-2016 21:37:49 America/New_York] PHP Notice:  Undefined property: stdClass::$zip in /web/html/Service/DataSeedService.php on line 134
[30-Nov-2016 21:37:50 America/New_York] PHP Notice:  Undefined property: stdClass::$zip in /web/html/Service/DataSeedService.php on line 134
[30-Nov-2016 21:37:50 America/New_York] PHP Notice:  Undefined property: stdClass::$zip in /web/html/Service/DataSeedService.php on line 134
[30-Nov-2016 21:37:50 America/New_York] PHP Notice:  Undefined property: stdClass::$zip in /web/html/Service/DataSeedService.php on line 134
[30-Nov-2016 21:37:50 America/New_York] PHP Notice:  Undefined property: stdClass::$zip in /web/html/Service/DataSeedService.php on line 48
[30-Nov-2016 21:37:50 America/New_York] PHP Notice:  Undefined property: stdClass::$zip in /web/html/Service/DataSeedService.php on line 134
[30-Nov-2016 21:37:50 America/New_York] PHP Notice:  Undefined property: stdClass::$zip in /web/html/Service/DataSeedService.php on line 134
[30-Nov-2016 21:37:51 America/New_York] PHP Notice:  Undefined property: stdClass::$zip in /web/html/Service/DataSeedService.php on line 134
[30-Nov-2016 21:37:51 America/New_York] PHP Notice:  Undefined property: stdClass::$zip in /web/html/Service/DataSeedService.php on line 134
[30-Nov-2016 21:37:51 America/New_York] PHP Notice:  Undefined property: stdClass::$zip in /web/html/Service/DataSeedService.php on line 134
[30-Nov-2016 21:37:51 America/New_York] PHP Notice:  Undefined property: stdClass::$zip in /web/html/Service/DataSeedService.php on line 134
[30-Nov-2016 21:37:52 America/New_York] PHP Notice:  Undefined property: stdClass::$zip in /web/html/Service/DataSeedService.php on line 48
[30-Nov-2016 21:37:52 America/New_York] PHP Notice:  Undefined property: stdClass::$zip in /web/html/Service/DataSeedService.php on line 134
[30-Nov-2016 21:37:52 America/New_York] PHP Notice:  Undefined property: stdClass::$zip in /web/html/Service/DataSeedService.php on line 134
[30-Nov-2016 21:37:52 America/New_York] PHP Notice:  Undefined property: stdClass::$zip in /web/html/Service/DataSeedService.php on line 134
[30-Nov-2016 21:37:52 America/New_York] PHP Notice:  Undefined property: stdClass::$zip in /web/html/Service/DataSeedService.php on line 134
[30-Nov-2016 21:37:52 America/New_York] PHP Notice:  Undefined property: stdClass::$zip in /web/html/Service/DataSeedService.php on line 134
[30-Nov-2016 21:37:53 America/New_York] PHP Notice:  Undefined property: stdClass::$zip in /web/html/Service/DataSeedService.php on line 134
[30-Nov-2016 21:37:53 America/New_York] PHP Notice:  Undefined property: stdClass::$zip in /web/html/Service/DataSeedService.php on line 48
[30-Nov-2016 21:37:53 America/New_York] PHP Notice:  Undefined property: stdClass::$zip in /web/html/Service/DataSeedService.php on line 134
[30-Nov-2016 21:37:53 America/New_York] PHP Notice:  Undefined property: stdClass::$zip in /web/html/Service/DataSeedService.php on line 134
[30-Nov-2016 21:37:53 America/New_York] PHP Notice:  Undefined property: stdClass::$zip in /web/html/Service/DataSeedService.php on line 134
[30-Nov-2016 21:37:54 America/New_York] PHP Notice:  Undefined property: stdClass::$zip in /web/html/Service/DataSeedService.php on line 134
[30-Nov-2016 21:37:54 America/New_York] PHP Notice:  Undefined property: stdClass::$zip in /web/html/Service/DataSeedService.php on line 134
[30-Nov-2016 21:37:54 America/New_York] PHP Notice:  Undefined property: stdClass::$zip in /web/html/Service/DataSeedService.php on line 134
[30-Nov-2016 21:37:54 America/New_York] PHP Notice:  Undefined property: stdClass::$zip in /web/html/Service/DataSeedService.php on line 48
[30-Nov-2016 21:37:54 America/New_York] PHP Notice:  Undefined property: stdClass::$zip in /web/html/Service/DataSeedService.php on line 134
[30-Nov-2016 21:37:54 America/New_York] PHP Notice:  Undefined property: stdClass::$zip in /web/html/Service/DataSeedService.php on line 134
[30-Nov-2016 21:37:55 America/New_York] PHP Notice:  Undefined property: stdClass::$zip in /web/html/Service/DataSeedService.php on line 134
[30-Nov-2016 21:37:55 America/New_York] PHP Notice:  Undefined property: stdClass::$zip in /web/html/Service/DataSeedService.php on line 134
[30-Nov-2016 21:37:55 America/New_York] PHP Notice:  Undefined property: stdClass::$zip in /web/html/Service/DataSeedService.php on line 134
[30-Nov-2016 21:37:55 America/New_York] PHP Notice:  Undefined property: stdClass::$zip in /web/html/Service/DataSeedService.php on line 134
[30-Nov-2016 21:37:56 America/New_York] PHP Notice:  Undefined property: stdClass::$zip in /web/html/Service/DataSeedService.php on line 134
[30-Nov-2016 21:37:56 America/New_York] PHP Notice:  Undefined property: stdClass::$zip in /web/html/Service/DataSeedService.php on line 134
[30-Nov-2016 21:37:56 America/New_York] PHP Notice:  Undefined property: stdClass::$zip in /web/html/Service/DataSeedService.php on line 48
[30-Nov-2016 21:37:56 America/New_York] PHP Notice:  Undefined property: stdClass::$zip in /web/html/Service/DataSeedService.php on line 134
[30-Nov-2016 21:37:56 America/New_York] PHP Notice:  Undefined property: stdClass::$zip in /web/html/Service/DataSeedService.php on line 134
[30-Nov-2016 21:37:56 America/New_York] PHP Notice:  Undefined property: stdClass::$zip in /web/html/Service/DataSeedService.php on line 134
[30-Nov-2016 21:37:57 America/New_York] PHP Notice:  Undefined property: stdClass::$zip in /web/html/Service/DataSeedService.php on line 134
[30-Nov-2016 21:37:57 America/New_York] PHP Notice:  Undefined property: stdClass::$zip in /web/html/Service/DataSeedService.php on line 134
[30-Nov-2016 21:37:57 America/New_York] PHP Notice:  Undefined property: stdClass::$zip in /web/html/Service/DataSeedService.php on line 134
[30-Nov-2016 21:37:57 America/New_York] PHP Notice:  Undefined property: stdClass::$zip in /web/html/Service/DataSeedService.php on line 48
[30-Nov-2016 21:37:57 America/New_York] PHP Notice:  Undefined property: stdClass::$zip in /web/html/Service/DataSeedService.php on line 134
[30-Nov-2016 21:37:58 America/New_York] PHP Notice:  Undefined property: stdClass::$zip in /web/html/Service/DataSeedService.php on line 134
[30-Nov-2016 21:37:58 America/New_York] PHP Notice:  Undefined property: stdClass::$zip in /web/html/Service/DataSeedService.php on line 48
[30-Nov-2016 21:37:58 America/New_York] PHP Notice:  Undefined property: stdClass::$zip in /web/html/Service/DataSeedService.php on line 134
[30-Nov-2016 21:37:58 America/New_York] PHP Notice:  Undefined property: stdClass::$zip in /web/html/Service/DataSeedService.php on line 134
[30-Nov-2016 21:37:58 America/New_York] PHP Notice:  Undefined property: stdClass::$zip in /web/html/Service/DataSeedService.php on line 134
[30-Nov-2016 21:37:59 America/New_York] PHP Notice:  Undefined property: stdClass::$zip in /web/html/Service/DataSeedService.php on line 134
[30-Nov-2016 21:37:59 America/New_York] PHP Notice:  Undefined property: stdClass::$zip in /web/html/Service/DataSeedService.php on line 134
[30-Nov-2016 21:37:59 America/New_York] PHP Notice:  Undefined property: stdClass::$zip in /web/html/Service/DataSeedService.php on line 134
[30-Nov-2016 21:37:59 America/New_York] PHP Notice:  Undefined property: stdClass::$zip in /web/html/Service/DataSeedService.php on line 134
[30-Nov-2016 21:37:59 America/New_York] PHP Notice:  Undefined property: stdClass::$zip in /web/html/Service/DataSeedService.php on line 134
[30-Nov-2016 21:38:00 America/New_York] PHP Notice:  Undefined property: stdClass::$zip in /web/html/Service/DataSeedService.php on line 48
[30-Nov-2016 21:38:00 America/New_York] PHP Notice:  Undefined property: stdClass::$zip in /web/html/Service/DataSeedService.php on line 134
[30-Nov-2016 21:38:00 America/New_York] PHP Notice:  Undefined property: stdClass::$zip in /web/html/Service/DataSeedService.php on line 134
[30-Nov-2016 21:38:00 America/New_York] PHP Notice:  Undefined property: stdClass::$zip in /web/html/Service/DataSeedService.php on line 134
[30-Nov-2016 21:38:00 America/New_York] PHP Notice:  Undefined property: stdClass::$zip in /web/html/Service/DataSeedService.php on line 48
[30-Nov-2016 21:38:00 America/New_York] PHP Notice:  Undefined property: stdClass::$zip in /web/html/Service/DataSeedService.php on line 134
[30-Nov-2016 21:38:01 America/New_York] PHP Notice:  Undefined property: stdClass::$zip in /web/html/Service/DataSeedService.php on line 134
[30-Nov-2016 21:38:01 America/New_York] PHP Notice:  Undefined property: stdClass::$zip in /web/html/Service/DataSeedService.php on line 134
[30-Nov-2016 21:38:01 America/New_York] PHP Notice:  Undefined property: stdClass::$zip in /web/html/Service/DataSeedService.php on line 134
[30-Nov-2016 21:38:01 America/New_York] PHP Notice:  Undefined property: stdClass::$zip in /web/html/Service/DataSeedService.php on line 134
[30-Nov-2016 21:38:01 America/New_York] PHP Notice:  Undefined property: stdClass::$zip in /web/html/Service/DataSeedService.php on line 134
[30-Nov-2016 21:38:02 America/New_York] PHP Notice:  Undefined property: stdClass::$zip in /web/html/Service/DataSeedService.php on line 48
[30-Nov-2016 21:38:02 America/New_York] PHP Notice:  Undefined property: stdClass::$zip in /web/html/Service/DataSeedService.php on line 134
[30-Nov-2016 21:38:02 America/New_York] PHP Notice:  Undefined property: stdClass::$zip in /web/html/Service/DataSeedService.php on line 134
[30-Nov-2016 21:38:02 America/New_York] PHP Notice:  Undefined property: stdClass::$zip in /web/html/Service/DataSeedService.php on line 134
[30-Nov-2016 21:38:02 America/New_York] PHP Notice:  Undefined property: stdClass::$zip in /web/html/Service/DataSeedService.php on line 134
[30-Nov-2016 21:38:03 America/New_York] PHP Notice:  Undefined property: stdClass::$zip in /web/html/Service/DataSeedService.php on line 134
[30-Nov-2016 21:38:03 America/New_York] PHP Notice:  Undefined property: stdClass::$zip in /web/html/Service/DataSeedService.php on line 48
[30-Nov-2016 21:38:03 America/New_York] PHP Notice:  Undefined property: stdClass::$zip in /web/html/Service/DataSeedService.php on line 134
[30-Nov-2016 21:38:03 America/New_York] PHP Notice:  Undefined property: stdClass::$zip in /web/html/Service/DataSeedService.php on line 134
[30-Nov-2016 21:38:03 America/New_York] PHP Notice:  Undefined property: stdClass::$zip in /web/html/Service/DataSeedService.php on line 134
[30-Nov-2016 21:38:04 America/New_York] PHP Notice:  Undefined property: stdClass::$zip in /web/html/Service/DataSeedService.php on line 134
[30-Nov-2016 21:38:04 America/New_York] PHP Notice:  Undefined property: stdClass::$zip in /web/html/Service/DataSeedService.php on line 134
[30-Nov-2016 21:38:04 America/New_York] PHP Notice:  Undefined property: stdClass::$zip in /web/html/Service/DataSeedService.php on line 134
[30-Nov-2016 21:38:04 America/New_York] PHP Notice:  Undefined property: stdClass::$zip in /web/html/Service/DataSeedService.php on line 48
[30-Nov-2016 21:38:04 America/New_York] PHP Notice:  Undefined property: stdClass::$zip in /web/html/Service/DataSeedService.php on line 134
[30-Nov-2016 21:38:05 America/New_York] PHP Notice:  Undefined property: stdClass::$zip in /web/html/Service/DataSeedService.php on line 134
[30-Nov-2016 21:38:05 America/New_York] PHP Notice:  Undefined property: stdClass::$zip in /web/html/Service/DataSeedService.php on line 134
[30-Nov-2016 21:38:05 America/New_York] PHP Notice:  Undefined property: stdClass::$zip in /web/html/Service/DataSeedService.php on line 48
[30-Nov-2016 21:38:05 America/New_York] PHP Notice:  Undefined property: stdClass::$zip in /web/html/Service/DataSeedService.php on line 134
[30-Nov-2016 21:38:05 America/New_York] PHP Notice:  Undefined property: stdClass::$zip in /web/html/Service/DataSeedService.php on line 134
